#
# There is insufficient memory for the Java Runtime Environment to continue.
# Native memory allocation (mmap) failed to map 65536 bytes for Failed to commit metaspace.
# Possible reasons:
#   The system is out of physical RAM or swap space
#   The process is running with CompressedOops enabled, and the Java Heap may be blocking the growth of the native heap
# Possible solutions:
#   Reduce memory load on the system
#   Increase physical memory or swap space
#   Check if swap backing store is full
#   Decrease Java heap size (-Xmx/-Xms)
#   Decrease number of Java threads
#   Decrease Java thread stack sizes (-Xss)
#   Set larger code cache with -XX:ReservedCodeCacheSize=
#   JVM is running with Unscaled Compressed Oops mode in which the Java heap is
#     placed in the first 4GB address space. The Java Heap base address is the
#     maximum limit for the native heap growth. Please use -XX:HeapBaseMinAddress
#     to set the Java Heap base and to place the Java Heap above 4GB virtual address.
# This output file may be truncated or incomplete.
#
#  Out of Memory Error (virtualSpaceNode.cpp:110), pid=2408, tid=4456
#
# JRE version: OpenJDK Runtime Environment Zulu17.40+19-CA (17.0.6+10) (build 17.0.6+10-LTS)
# Java VM: OpenJDK 64-Bit Server VM Zulu17.40+19-CA (17.0.6+10-LTS, mixed mode, emulated-client, sharing, tiered, compressed oops, compressed class ptrs, g1 gc, windows-amd64)
# No core dump will be written. Minidumps are not enabled by default on client versions of Windows
#

---------------  S U M M A R Y ------------

Command Line: -XX:TieredStopAtLevel=1 -Dspring.output.ansi.enabled=always -Dcom.sun.management.jmxremote -Dspring.jmx.enabled=true -Dspring.liveBeansView.mbeanDomain -Dspring.application.admin.enabled=true -Dmanagement.endpoints.jmx.exposure.include=* -javaagent:C:\Program Files (x86)\IntelliJ IDEA 2023.1.2\lib\idea_rt.jar=50851:C:\Program Files (x86)\IntelliJ IDEA 2023.1.2\bin -Dfile.encoding=UTF-8 com.example.edukan.EDukanApplication

Host: Intel(R) Core(TM) i7-1065G7 CPU @ 1.30GHz, 8 cores, 7G,  Windows 10 , 64 bit Build 19041 (10.0.19041.3155)
Time: Wed Jul 19 15:51:16 2023 Azerbaijan Standard Time elapsed time: 2.363763 seconds (0d 0h 0m 2s)

---------------  T H R E A D  ---------------

Current thread (0x000002cb6fc9ef60):  JavaThread "background-preinit" [_thread_in_vm, id=4456, stack(0x000000fd6af00000,0x000000fd6b000000)]

Stack: [0x000000fd6af00000,0x000000fd6b000000]
Native frames: (J=compiled Java code, j=interpreted, Vv=VM code, C=native code)
V  [jvm.dll+0x67c72a]
V  [jvm.dll+0x83a2c4]
V  [jvm.dll+0x83ba6e]
V  [jvm.dll+0x83c0d3]
V  [jvm.dll+0x249415]
V  [jvm.dll+0x83635b]
V  [jvm.dll+0x620ec6]
V  [jvm.dll+0x1c0a2e]
V  [jvm.dll+0x623801]
V  [jvm.dll+0x621866]
V  [jvm.dll+0x23dacf]
V  [jvm.dll+0x62b655]
V  [jvm.dll+0x1ea92b]
V  [jvm.dll+0x1eae65]
V  [jvm.dll+0x1eb89f]
V  [jvm.dll+0x1e0d31]
V  [jvm.dll+0x54109d]
V  [jvm.dll+0x7b4cd8]
V  [jvm.dll+0x7b4dc4]
V  [jvm.dll+0x4105db]
V  [jvm.dll+0x416759]
C  [java.dll+0x17ec]

Java frames: (J=compiled Java code, j=interpreted, Vv=VM code)
J 1223  java.lang.ClassLoader.defineClass1(Ljava/lang/ClassLoader;Ljava/lang/String;[BIILjava/security/ProtectionDomain;Ljava/lang/String;)Ljava/lang/Class; java.base@17.0.6 (0 bytes) @ 0x000002cb644c7263 [0x000002cb644c71a0+0x00000000000000c3]
J 1378 c1 java.lang.ClassLoader.defineClass(Ljava/lang/String;[BIILjava/security/ProtectionDomain;)Ljava/lang/Class; java.base@17.0.6 (43 bytes) @ 0x000002cb64507cdc [0x000002cb64507be0+0x00000000000000fc]
J 1270 c1 jdk.internal.loader.BuiltinClassLoader.defineClass(Ljava/lang/String;Ljdk/internal/loader/Resource;)Ljava/lang/Class; java.base@17.0.6 (121 bytes) @ 0x000002cb644ddf64 [0x000002cb644ddaa0+0x00000000000004c4]
J 1243 c1 jdk.internal.loader.BuiltinClassLoader.findClassOnClassPathOrNull(Ljava/lang/String;)Ljava/lang/Class; java.base@17.0.6 (64 bytes) @ 0x000002cb644cfedc [0x000002cb644cfc20+0x00000000000002bc]
J 944 c1 jdk.internal.loader.BuiltinClassLoader.loadClassOrNull(Ljava/lang/String;Z)Ljava/lang/Class; java.base@17.0.6 (143 bytes) @ 0x000002cb6445b3dc [0x000002cb6445af80+0x000000000000045c]
J 1108 c1 jdk.internal.loader.ClassLoaders$AppClassLoader.loadClass(Ljava/lang/String;Z)Ljava/lang/Class; java.base@17.0.6 (40 bytes) @ 0x000002cb6449c2a4 [0x000002cb6449c160+0x0000000000000144]
J 1105 c1 java.lang.ClassLoader.loadClass(Ljava/lang/String;)Ljava/lang/Class; java.base@17.0.6 (7 bytes) @ 0x000002cb6449b6e4 [0x000002cb6449b6a0+0x0000000000000044]
v  ~StubRoutines::call_stub
j  com.fasterxml.jackson.databind.ObjectMapper.<clinit>()V+19
v  ~StubRoutines::call_stub
j  org.springframework.http.converter.json.Jackson2ObjectMapperBuilder.build()Lcom/fasterxml/jackson/databind/ObjectMapper;+79
j  org.springframework.http.converter.json.MappingJackson2HttpMessageConverter.<init>()V+4
j  org.springframework.http.converter.support.AllEncompassingFormHttpMessageConverter.<init>()V+76
j  org.springframework.boot.autoconfigure.BackgroundPreinitializer$MessageConverterInitializer.run()V+4
j  org.springframework.boot.autoconfigure.BackgroundPreinitializer$1.runSafely(Ljava/lang/Runnable;)Z+1
j  org.springframework.boot.autoconfigure.BackgroundPreinitializer$1.run()V+35
j  java.lang.Thread.run()V+11 java.base@17.0.6
v  ~StubRoutines::call_stub

---------------  P R O C E S S  ---------------

Threads class SMR info:
_java_thread_list=0x000002cb70ec1720, length=18, elements={
0x000002cb5c565a60, 0x000002cb6e6ca000, 0x000002cb6e6cabc0, 0x000002cb6e6dcad0,
0x000002cb6e6de6a0, 0x000002cb6e6e1170, 0x000002cb6e6e3b40, 0x000002cb6e6e8560,
0x000002cb6e6e4500, 0x000002cb6e6b54c0, 0x000002cb6f1bfe00, 0x000002cb6f1c1330,
0x000002cb6f4fd620, 0x000002cb6f4fdb00, 0x000002cb6f7c2c10, 0x000002cb6faf8060,
0x000002cb6faec6a0, 0x000002cb6fc9ef60
}

Java Threads: ( => current thread )
  0x000002cb5c565a60 JavaThread "main" [_thread_in_vm, id=8432, stack(0x000000fd68d00000,0x000000fd68e00000)]
  0x000002cb6e6ca000 JavaThread "Reference Handler" daemon [_thread_blocked, id=5960, stack(0x000000fd69400000,0x000000fd69500000)]
  0x000002cb6e6cabc0 JavaThread "Finalizer" daemon [_thread_blocked, id=16072, stack(0x000000fd69500000,0x000000fd69600000)]
  0x000002cb6e6dcad0 JavaThread "Signal Dispatcher" daemon [_thread_blocked, id=9576, stack(0x000000fd69600000,0x000000fd69700000)]
  0x000002cb6e6de6a0 JavaThread "Attach Listener" daemon [_thread_blocked, id=15984, stack(0x000000fd69700000,0x000000fd69800000)]
  0x000002cb6e6e1170 JavaThread "Service Thread" daemon [_thread_blocked, id=4708, stack(0x000000fd69800000,0x000000fd69900000)]
  0x000002cb6e6e3b40 JavaThread "Monitor Deflation Thread" daemon [_thread_blocked, id=12284, stack(0x000000fd69900000,0x000000fd69a00000)]
  0x000002cb6e6e8560 JavaThread "C1 CompilerThread0" daemon [_thread_blocked, id=3596, stack(0x000000fd69a00000,0x000000fd69b00000)]
  0x000002cb6e6e4500 JavaThread "Sweeper thread" daemon [_thread_blocked, id=2056, stack(0x000000fd69b00000,0x000000fd69c00000)]
  0x000002cb6e6b54c0 JavaThread "Common-Cleaner" daemon [_thread_blocked, id=5720, stack(0x000000fd69c00000,0x000000fd69d00000)]
  0x000002cb6f1bfe00 JavaThread "C1 CompilerThread1" daemon [_thread_blocked, id=3392, stack(0x000000fd69d00000,0x000000fd69e00000)]
  0x000002cb6f1c1330 JavaThread "C1 CompilerThread2" daemon [_thread_blocked, id=14140, stack(0x000000fd69e00000,0x000000fd69f00000)]
  0x000002cb6f4fd620 JavaThread "Monitor Ctrl-Break" daemon [_thread_in_native, id=12700, stack(0x000000fd69f00000,0x000000fd6a000000)]
  0x000002cb6f4fdb00 JavaThread "Notification Thread" daemon [_thread_blocked, id=13600, stack(0x000000fd6a000000,0x000000fd6a100000)]
  0x000002cb6f7c2c10 JavaThread "RMI TCP Accept-0" daemon [_thread_in_native, id=8428, stack(0x000000fd6a100000,0x000000fd6a200000)]
  0x000002cb6faf8060 JavaThread "RMI TCP Connection(1)-172.19.96.1" daemon [_thread_in_native, id=4804, stack(0x000000fd6a300000,0x000000fd6a400000)]
  0x000002cb6faec6a0 JavaThread "RMI Scheduler(0)" daemon [_thread_blocked, id=4184, stack(0x000000fd6a400000,0x000000fd6a500000)]
=>0x000002cb6fc9ef60 JavaThread "background-preinit" [_thread_in_vm, id=4456, stack(0x000000fd6af00000,0x000000fd6b000000)]

Other Threads:
  0x000002cb6e6c4890 VMThread "VM Thread" [stack: 0x000000fd69300000,0x000000fd69400000] [id=13336]
  0x000002cb5c5e5fe0 WatcherThread [stack: 0x000000fd6a200000,0x000000fd6a300000] [id=460]
  0x000002cb5c5befb0 GCTaskThread "GC Thread#0" [stack: 0x000000fd68e00000,0x000000fd68f00000] [id=5292]
  0x000002cb6fb3f7f0 GCTaskThread "GC Thread#1" [stack: 0x000000fd6a500000,0x000000fd6a600000] [id=14928]
  0x000002cb6fb316b0 GCTaskThread "GC Thread#2" [stack: 0x000000fd6a600000,0x000000fd6a700000] [id=984]
  0x000002cb6fb75c90 GCTaskThread "GC Thread#3" [stack: 0x000000fd6a700000,0x000000fd6a800000] [id=5432]
  0x000002cb6fb75f50 GCTaskThread "GC Thread#4" [stack: 0x000000fd6a800000,0x000000fd6a900000] [id=11328]
  0x000002cb6fb76210 GCTaskThread "GC Thread#5" [stack: 0x000000fd6a900000,0x000000fd6aa00000] [id=14060]
  0x000002cb6fb7a4e0 GCTaskThread "GC Thread#6" [stack: 0x000000fd6aa00000,0x000000fd6ab00000] [id=13692]
  0x000002cb6fb7afb0 GCTaskThread "GC Thread#7" [stack: 0x000000fd6ab00000,0x000000fd6ac00000] [id=5644]
  0x000002cb5c5cf840 ConcurrentGCThread "G1 Main Marker" [stack: 0x000000fd68f00000,0x000000fd69000000] [id=10308]
  0x000002cb5c5d09f0 ConcurrentGCThread "G1 Conc#0" [stack: 0x000000fd69000000,0x000000fd69100000] [id=1972]
  0x000002cb6e5820d0 ConcurrentGCThread "G1 Refine#0" [stack: 0x000000fd69100000,0x000000fd69200000] [id=5296]
  0x000002cb6fb31df0 ConcurrentGCThread "G1 Refine#1" [stack: 0x000000fd6ac00000,0x000000fd6ad00000] [id=5820]
  0x000002cb6f3e30a0 ConcurrentGCThread "G1 Refine#2" [stack: 0x000000fd6ad00000,0x000000fd6ae00000] [id=13464]
  0x000002cb6fb32560 ConcurrentGCThread "G1 Refine#3" [stack: 0x000000fd6ae00000,0x000000fd6af00000] [id=14148]
  0x000002cb6e582b00 ConcurrentGCThread "G1 Service" [stack: 0x000000fd69200000,0x000000fd69300000] [id=6608]

Threads with active compile tasks:

VM state: not at safepoint (normal execution)

VM Mutex/Monitor currently owned by a thread:  ([mutex/lock_event])
[0x000002cb5c55f740] Metaspace_lock - owner thread: 0x000002cb6fc9ef60

Heap address: 0x0000000083600000, size: 1994 MB, Compressed Oops mode: 32-bit

CDS archive(s) mapped at: [0x0000000800000000-0x0000000800c00000-0x0000000800c00000), size 12582912, SharedBaseAddress: 0x0000000800000000, ArchiveRelocationMode: 0.
Compressed class space mapped at: 0x0000000800c00000-0x0000000840c00000, reserved size: 1073741824
Narrow klass base: 0x0000000800000000, Narrow klass shift: 0, Narrow klass range: 0x100000000

GC Precious Log:
 CPUs: 8 total, 8 available
 Memory: 7969M
 Large Page Support: Disabled
 NUMA Support: Disabled
 Compressed Oops: Enabled (32-bit)
 Heap Region Size: 1M
 Heap Min Capacity: 8M
 Heap Initial Capacity: 126M
 Heap Max Capacity: 1994M
 Pre-touch: Disabled
 Parallel Workers: 8
 Concurrent Workers: 2
 Concurrent Refinement Workers: 8
 Periodic GC: Disabled

Heap:
 garbage-first heap   total 129024K, used 48985K [0x0000000083600000, 0x0000000100000000)
  region size 1024K, 42 young (43008K), 2 survivors (2048K)
 Metaspace       used 18920K, committed 19200K, reserved 1073152K
  class space    used 2601K, committed 2752K, reserved 1048576K

Heap Regions: E=young(eden), S=young(survivor), O=old, HS=humongous(starts), HC=humongous(continues), CS=collection set, F=free, OA=open archive, CA=closed archive, TAMS=top-at-mark-start (previous, next)
|   0|0x0000000083600000, 0x0000000083700000, 0x0000000083700000|100%|HS|  |TAMS 0x0000000083600000, 0x0000000083600000| Complete 
|   1|0x0000000083700000, 0x0000000083800000, 0x0000000083800000|100%| O|  |TAMS 0x0000000083700000, 0x0000000083700000| Untracked 
|   2|0x0000000083800000, 0x0000000083900000, 0x0000000083900000|100%| O|  |TAMS 0x0000000083800000, 0x0000000083800000| Untracked 
|   3|0x0000000083900000, 0x0000000083a00000, 0x0000000083a00000|100%| O|  |TAMS 0x0000000083900000, 0x0000000083900000| Untracked 
|   4|0x0000000083a00000, 0x0000000083b00000, 0x0000000083b00000|100%| O|  |TAMS 0x0000000083a00000, 0x0000000083a00000| Untracked 
|   5|0x0000000083b00000, 0x0000000083c00000, 0x0000000083c00000|100%| O|  |TAMS 0x0000000083b00000, 0x0000000083b00000| Untracked 
|   6|0x0000000083c00000, 0x0000000083d00000, 0x0000000083d00000|100%| O|  |TAMS 0x0000000083c00000, 0x0000000083c00000| Untracked 
|   7|0x0000000083d00000, 0x0000000083e00000, 0x0000000083e00000|100%| O|  |TAMS 0x0000000083d00000, 0x0000000083d00000| Untracked 
|   8|0x0000000083e00000, 0x0000000083e80800, 0x0000000083f00000| 50%| O|  |TAMS 0x0000000083e00000, 0x0000000083e00000| Untracked 
|   9|0x0000000083f00000, 0x0000000083f00000, 0x0000000084000000|  0%| F|  |TAMS 0x0000000083f00000, 0x0000000083f00000| Untracked 
|  10|0x0000000084000000, 0x0000000084000000, 0x0000000084100000|  0%| F|  |TAMS 0x0000000084000000, 0x0000000084000000| Untracked 
|  11|0x0000000084100000, 0x0000000084100000, 0x0000000084200000|  0%| F|  |TAMS 0x0000000084100000, 0x0000000084100000| Untracked 
|  12|0x0000000084200000, 0x0000000084200000, 0x0000000084300000|  0%| F|  |TAMS 0x0000000084200000, 0x0000000084200000| Untracked 
|  13|0x0000000084300000, 0x0000000084300000, 0x0000000084400000|  0%| F|  |TAMS 0x0000000084300000, 0x0000000084300000| Untracked 
|  14|0x0000000084400000, 0x0000000084400000, 0x0000000084500000|  0%| F|  |TAMS 0x0000000084400000, 0x0000000084400000| Untracked 
|  15|0x0000000084500000, 0x0000000084500000, 0x0000000084600000|  0%| F|  |TAMS 0x0000000084500000, 0x0000000084500000| Untracked 
|  16|0x0000000084600000, 0x0000000084600000, 0x0000000084700000|  0%| F|  |TAMS 0x0000000084600000, 0x0000000084600000| Untracked 
|  17|0x0000000084700000, 0x0000000084700000, 0x0000000084800000|  0%| F|  |TAMS 0x0000000084700000, 0x0000000084700000| Untracked 
|  18|0x0000000084800000, 0x0000000084800000, 0x0000000084900000|  0%| F|  |TAMS 0x0000000084800000, 0x0000000084800000| Untracked 
|  19|0x0000000084900000, 0x0000000084900000, 0x0000000084a00000|  0%| F|  |TAMS 0x0000000084900000, 0x0000000084900000| Untracked 
|  20|0x0000000084a00000, 0x0000000084a00000, 0x0000000084b00000|  0%| F|  |TAMS 0x0000000084a00000, 0x0000000084a00000| Untracked 
|  21|0x0000000084b00000, 0x0000000084b00000, 0x0000000084c00000|  0%| F|  |TAMS 0x0000000084b00000, 0x0000000084b00000| Untracked 
|  22|0x0000000084c00000, 0x0000000084c00000, 0x0000000084d00000|  0%| F|  |TAMS 0x0000000084c00000, 0x0000000084c00000| Untracked 
|  23|0x0000000084d00000, 0x0000000084d00000, 0x0000000084e00000|  0%| F|  |TAMS 0x0000000084d00000, 0x0000000084d00000| Untracked 
|  24|0x0000000084e00000, 0x0000000084e00000, 0x0000000084f00000|  0%| F|  |TAMS 0x0000000084e00000, 0x0000000084e00000| Untracked 
|  25|0x0000000084f00000, 0x0000000084f00000, 0x0000000085000000|  0%| F|  |TAMS 0x0000000084f00000, 0x0000000084f00000| Untracked 
|  26|0x0000000085000000, 0x0000000085000000, 0x0000000085100000|  0%| F|  |TAMS 0x0000000085000000, 0x0000000085000000| Untracked 
|  27|0x0000000085100000, 0x0000000085100000, 0x0000000085200000|  0%| F|  |TAMS 0x0000000085100000, 0x0000000085100000| Untracked 
|  28|0x0000000085200000, 0x0000000085200000, 0x0000000085300000|  0%| F|  |TAMS 0x0000000085200000, 0x0000000085200000| Untracked 
|  29|0x0000000085300000, 0x0000000085300000, 0x0000000085400000|  0%| F|  |TAMS 0x0000000085300000, 0x0000000085300000| Untracked 
|  30|0x0000000085400000, 0x0000000085400000, 0x0000000085500000|  0%| F|  |TAMS 0x0000000085400000, 0x0000000085400000| Untracked 
|  31|0x0000000085500000, 0x0000000085500000, 0x0000000085600000|  0%| F|  |TAMS 0x0000000085500000, 0x0000000085500000| Untracked 
|  32|0x0000000085600000, 0x0000000085600000, 0x0000000085700000|  0%| F|  |TAMS 0x0000000085600000, 0x0000000085600000| Untracked 
|  33|0x0000000085700000, 0x0000000085700000, 0x0000000085800000|  0%| F|  |TAMS 0x0000000085700000, 0x0000000085700000| Untracked 
|  34|0x0000000085800000, 0x0000000085800000, 0x0000000085900000|  0%| F|  |TAMS 0x0000000085800000, 0x0000000085800000| Untracked 
|  35|0x0000000085900000, 0x0000000085900000, 0x0000000085a00000|  0%| F|  |TAMS 0x0000000085900000, 0x0000000085900000| Untracked 
|  36|0x0000000085a00000, 0x0000000085a00000, 0x0000000085b00000|  0%| F|  |TAMS 0x0000000085a00000, 0x0000000085a00000| Untracked 
|  37|0x0000000085b00000, 0x0000000085b00000, 0x0000000085c00000|  0%| F|  |TAMS 0x0000000085b00000, 0x0000000085b00000| Untracked 
|  38|0x0000000085c00000, 0x0000000085c00000, 0x0000000085d00000|  0%| F|  |TAMS 0x0000000085c00000, 0x0000000085c00000| Untracked 
|  39|0x0000000085d00000, 0x0000000085d00000, 0x0000000085e00000|  0%| F|  |TAMS 0x0000000085d00000, 0x0000000085d00000| Untracked 
|  40|0x0000000085e00000, 0x0000000085e00000, 0x0000000085f00000|  0%| F|  |TAMS 0x0000000085e00000, 0x0000000085e00000| Untracked 
|  41|0x0000000085f00000, 0x0000000085f00000, 0x0000000086000000|  0%| F|  |TAMS 0x0000000085f00000, 0x0000000085f00000| Untracked 
|  42|0x0000000086000000, 0x0000000086000000, 0x0000000086100000|  0%| F|  |TAMS 0x0000000086000000, 0x0000000086000000| Untracked 
|  43|0x0000000086100000, 0x0000000086100000, 0x0000000086200000|  0%| F|  |TAMS 0x0000000086100000, 0x0000000086100000| Untracked 
|  44|0x0000000086200000, 0x0000000086200000, 0x0000000086300000|  0%| F|  |TAMS 0x0000000086200000, 0x0000000086200000| Untracked 
|  45|0x0000000086300000, 0x0000000086300000, 0x0000000086400000|  0%| F|  |TAMS 0x0000000086300000, 0x0000000086300000| Untracked 
|  46|0x0000000086400000, 0x0000000086400000, 0x0000000086500000|  0%| F|  |TAMS 0x0000000086400000, 0x0000000086400000| Untracked 
|  47|0x0000000086500000, 0x0000000086500000, 0x0000000086600000|  0%| F|  |TAMS 0x0000000086500000, 0x0000000086500000| Untracked 
|  48|0x0000000086600000, 0x0000000086600000, 0x0000000086700000|  0%| F|  |TAMS 0x0000000086600000, 0x0000000086600000| Untracked 
|  49|0x0000000086700000, 0x0000000086700000, 0x0000000086800000|  0%| F|  |TAMS 0x0000000086700000, 0x0000000086700000| Untracked 
|  50|0x0000000086800000, 0x0000000086800000, 0x0000000086900000|  0%| F|  |TAMS 0x0000000086800000, 0x0000000086800000| Untracked 
|  51|0x0000000086900000, 0x0000000086900000, 0x0000000086a00000|  0%| F|  |TAMS 0x0000000086900000, 0x0000000086900000| Untracked 
|  52|0x0000000086a00000, 0x0000000086a00000, 0x0000000086b00000|  0%| F|  |TAMS 0x0000000086a00000, 0x0000000086a00000| Untracked 
|  53|0x0000000086b00000, 0x0000000086b00000, 0x0000000086c00000|  0%| F|  |TAMS 0x0000000086b00000, 0x0000000086b00000| Untracked 
|  54|0x0000000086c00000, 0x0000000086c00000, 0x0000000086d00000|  0%| F|  |TAMS 0x0000000086c00000, 0x0000000086c00000| Untracked 
|  55|0x0000000086d00000, 0x0000000086d00000, 0x0000000086e00000|  0%| F|  |TAMS 0x0000000086d00000, 0x0000000086d00000| Untracked 
|  56|0x0000000086e00000, 0x0000000086e00000, 0x0000000086f00000|  0%| F|  |TAMS 0x0000000086e00000, 0x0000000086e00000| Untracked 
|  57|0x0000000086f00000, 0x0000000086f00000, 0x0000000087000000|  0%| F|  |TAMS 0x0000000086f00000, 0x0000000086f00000| Untracked 
|  58|0x0000000087000000, 0x0000000087000000, 0x0000000087100000|  0%| F|  |TAMS 0x0000000087000000, 0x0000000087000000| Untracked 
|  59|0x0000000087100000, 0x0000000087100000, 0x0000000087200000|  0%| F|  |TAMS 0x0000000087100000, 0x0000000087100000| Untracked 
|  60|0x0000000087200000, 0x0000000087200000, 0x0000000087300000|  0%| F|  |TAMS 0x0000000087200000, 0x0000000087200000| Untracked 
|  61|0x0000000087300000, 0x0000000087300000, 0x0000000087400000|  0%| F|  |TAMS 0x0000000087300000, 0x0000000087300000| Untracked 
|  62|0x0000000087400000, 0x0000000087400000, 0x0000000087500000|  0%| F|  |TAMS 0x0000000087400000, 0x0000000087400000| Untracked 
|  63|0x0000000087500000, 0x0000000087500000, 0x0000000087600000|  0%| F|  |TAMS 0x0000000087500000, 0x0000000087500000| Untracked 
|  64|0x0000000087600000, 0x0000000087600000, 0x0000000087700000|  0%| F|  |TAMS 0x0000000087600000, 0x0000000087600000| Untracked 
|  65|0x0000000087700000, 0x0000000087700000, 0x0000000087800000|  0%| F|  |TAMS 0x0000000087700000, 0x0000000087700000| Untracked 
|  66|0x0000000087800000, 0x0000000087800000, 0x0000000087900000|  0%| F|  |TAMS 0x0000000087800000, 0x0000000087800000| Untracked 
|  67|0x0000000087900000, 0x0000000087900000, 0x0000000087a00000|  0%| F|  |TAMS 0x0000000087900000, 0x0000000087900000| Untracked 
|  68|0x0000000087a00000, 0x0000000087a00000, 0x0000000087b00000|  0%| F|  |TAMS 0x0000000087a00000, 0x0000000087a00000| Untracked 
|  69|0x0000000087b00000, 0x0000000087b00000, 0x0000000087c00000|  0%| F|  |TAMS 0x0000000087b00000, 0x0000000087b00000| Untracked 
|  70|0x0000000087c00000, 0x0000000087c00000, 0x0000000087d00000|  0%| F|  |TAMS 0x0000000087c00000, 0x0000000087c00000| Untracked 
|  71|0x0000000087d00000, 0x0000000087d00000, 0x0000000087e00000|  0%| F|  |TAMS 0x0000000087d00000, 0x0000000087d00000| Untracked 
|  72|0x0000000087e00000, 0x0000000087e00000, 0x0000000087f00000|  0%| F|  |TAMS 0x0000000087e00000, 0x0000000087e00000| Untracked 
|  73|0x0000000087f00000, 0x0000000087f00000, 0x0000000088000000|  0%| F|  |TAMS 0x0000000087f00000, 0x0000000087f00000| Untracked 
|  74|0x0000000088000000, 0x0000000088000000, 0x0000000088100000|  0%| F|  |TAMS 0x0000000088000000, 0x0000000088000000| Untracked 
|  75|0x0000000088100000, 0x0000000088100000, 0x0000000088200000|  0%| F|  |TAMS 0x0000000088100000, 0x0000000088100000| Untracked 
|  76|0x0000000088200000, 0x0000000088200000, 0x0000000088300000|  0%| F|  |TAMS 0x0000000088200000, 0x0000000088200000| Untracked 
|  77|0x0000000088300000, 0x0000000088300000, 0x0000000088400000|  0%| F|  |TAMS 0x0000000088300000, 0x0000000088300000| Untracked 
|  78|0x0000000088400000, 0x0000000088400000, 0x0000000088500000|  0%| F|  |TAMS 0x0000000088400000, 0x0000000088400000| Untracked 
|  79|0x0000000088500000, 0x0000000088500000, 0x0000000088600000|  0%| F|  |TAMS 0x0000000088500000, 0x0000000088500000| Untracked 
|  80|0x0000000088600000, 0x0000000088600000, 0x0000000088700000|  0%| F|  |TAMS 0x0000000088600000, 0x0000000088600000| Untracked 
|  81|0x0000000088700000, 0x0000000088700000, 0x0000000088800000|  0%| F|  |TAMS 0x0000000088700000, 0x0000000088700000| Untracked 
|  82|0x0000000088800000, 0x0000000088800000, 0x0000000088900000|  0%| F|  |TAMS 0x0000000088800000, 0x0000000088800000| Untracked 
|  83|0x0000000088900000, 0x0000000088900000, 0x0000000088a00000|  0%| F|  |TAMS 0x0000000088900000, 0x0000000088900000| Untracked 
|  84|0x0000000088a00000, 0x0000000088a35068, 0x0000000088b00000| 20%| E|  |TAMS 0x0000000088a00000, 0x0000000088a00000| Complete 
|  85|0x0000000088b00000, 0x0000000088c00000, 0x0000000088c00000|100%| E|CS|TAMS 0x0000000088b00000, 0x0000000088b00000| Complete 
|  86|0x0000000088c00000, 0x0000000088d00000, 0x0000000088d00000|100%| E|CS|TAMS 0x0000000088c00000, 0x0000000088c00000| Complete 
|  87|0x0000000088d00000, 0x0000000088e00000, 0x0000000088e00000|100%| E|CS|TAMS 0x0000000088d00000, 0x0000000088d00000| Complete 
|  88|0x0000000088e00000, 0x0000000088f00000, 0x0000000088f00000|100%| E|CS|TAMS 0x0000000088e00000, 0x0000000088e00000| Complete 
|  89|0x0000000088f00000, 0x0000000089000000, 0x0000000089000000|100%| E|CS|TAMS 0x0000000088f00000, 0x0000000088f00000| Complete 
|  90|0x0000000089000000, 0x0000000089100000, 0x0000000089100000|100%| E|CS|TAMS 0x0000000089000000, 0x0000000089000000| Complete 
|  91|0x0000000089100000, 0x0000000089200000, 0x0000000089200000|100%| E|CS|TAMS 0x0000000089100000, 0x0000000089100000| Complete 
|  92|0x0000000089200000, 0x0000000089300000, 0x0000000089300000|100%| E|  |TAMS 0x0000000089200000, 0x0000000089200000| Complete 
|  93|0x0000000089300000, 0x0000000089400000, 0x0000000089400000|100%| E|CS|TAMS 0x0000000089300000, 0x0000000089300000| Complete 
|  94|0x0000000089400000, 0x0000000089500000, 0x0000000089500000|100%| E|CS|TAMS 0x0000000089400000, 0x0000000089400000| Complete 
|  95|0x0000000089500000, 0x0000000089600000, 0x0000000089600000|100%| E|CS|TAMS 0x0000000089500000, 0x0000000089500000| Complete 
|  96|0x0000000089600000, 0x0000000089700000, 0x0000000089700000|100%| E|CS|TAMS 0x0000000089600000, 0x0000000089600000| Complete 
|  97|0x0000000089700000, 0x0000000089800000, 0x0000000089800000|100%| E|CS|TAMS 0x0000000089700000, 0x0000000089700000| Complete 
|  98|0x0000000089800000, 0x0000000089900000, 0x0000000089900000|100%| E|CS|TAMS 0x0000000089800000, 0x0000000089800000| Complete 
|  99|0x0000000089900000, 0x0000000089a00000, 0x0000000089a00000|100%| E|CS|TAMS 0x0000000089900000, 0x0000000089900000| Complete 
| 100|0x0000000089a00000, 0x0000000089b00000, 0x0000000089b00000|100%| E|CS|TAMS 0x0000000089a00000, 0x0000000089a00000| Complete 
| 101|0x0000000089b00000, 0x0000000089c00000, 0x0000000089c00000|100%| E|CS|TAMS 0x0000000089b00000, 0x0000000089b00000| Complete 
| 102|0x0000000089c00000, 0x0000000089d00000, 0x0000000089d00000|100%| E|CS|TAMS 0x0000000089c00000, 0x0000000089c00000| Complete 
| 103|0x0000000089d00000, 0x0000000089e00000, 0x0000000089e00000|100%| E|CS|TAMS 0x0000000089d00000, 0x0000000089d00000| Complete 
| 104|0x0000000089e00000, 0x0000000089f00000, 0x0000000089f00000|100%| E|CS|TAMS 0x0000000089e00000, 0x0000000089e00000| Complete 
| 105|0x0000000089f00000, 0x000000008a000000, 0x000000008a000000|100%| E|CS|TAMS 0x0000000089f00000, 0x0000000089f00000| Complete 
| 106|0x000000008a000000, 0x000000008a055d10, 0x000000008a100000| 33%| S|CS|TAMS 0x000000008a000000, 0x000000008a000000| Complete 
| 107|0x000000008a100000, 0x000000008a200000, 0x000000008a200000|100%| S|CS|TAMS 0x000000008a100000, 0x000000008a100000| Complete 
| 108|0x000000008a200000, 0x000000008a300000, 0x000000008a300000|100%| E|CS|TAMS 0x000000008a200000, 0x000000008a200000| Complete 
| 109|0x000000008a300000, 0x000000008a400000, 0x000000008a400000|100%| E|CS|TAMS 0x000000008a300000, 0x000000008a300000| Complete 
| 110|0x000000008a400000, 0x000000008a500000, 0x000000008a500000|100%| E|CS|TAMS 0x000000008a400000, 0x000000008a400000| Complete 
| 111|0x000000008a500000, 0x000000008a600000, 0x000000008a600000|100%| E|CS|TAMS 0x000000008a500000, 0x000000008a500000| Complete 
| 112|0x000000008a600000, 0x000000008a700000, 0x000000008a700000|100%| E|CS|TAMS 0x000000008a600000, 0x000000008a600000| Complete 
| 113|0x000000008a700000, 0x000000008a800000, 0x000000008a800000|100%| E|CS|TAMS 0x000000008a700000, 0x000000008a700000| Complete 
| 114|0x000000008a800000, 0x000000008a900000, 0x000000008a900000|100%| E|CS|TAMS 0x000000008a800000, 0x000000008a800000| Complete 
| 115|0x000000008a900000, 0x000000008aa00000, 0x000000008aa00000|100%| E|CS|TAMS 0x000000008a900000, 0x000000008a900000| Complete 
| 116|0x000000008aa00000, 0x000000008ab00000, 0x000000008ab00000|100%| E|CS|TAMS 0x000000008aa00000, 0x000000008aa00000| Complete 
| 117|0x000000008ab00000, 0x000000008ac00000, 0x000000008ac00000|100%| E|CS|TAMS 0x000000008ab00000, 0x000000008ab00000| Complete 
| 118|0x000000008ac00000, 0x000000008ad00000, 0x000000008ad00000|100%| E|CS|TAMS 0x000000008ac00000, 0x000000008ac00000| Complete 
| 119|0x000000008ad00000, 0x000000008ae00000, 0x000000008ae00000|100%| E|CS|TAMS 0x000000008ad00000, 0x000000008ad00000| Complete 
| 120|0x000000008ae00000, 0x000000008af00000, 0x000000008af00000|100%| E|CS|TAMS 0x000000008ae00000, 0x000000008ae00000| Complete 
| 121|0x000000008af00000, 0x000000008b000000, 0x000000008b000000|100%| E|CS|TAMS 0x000000008af00000, 0x000000008af00000| Complete 
| 122|0x000000008b000000, 0x000000008b100000, 0x000000008b100000|100%| E|CS|TAMS 0x000000008b000000, 0x000000008b000000| Complete 
| 123|0x000000008b100000, 0x000000008b200000, 0x000000008b200000|100%| E|CS|TAMS 0x000000008b100000, 0x000000008b100000| Complete 
| 124|0x000000008b200000, 0x000000008b300000, 0x000000008b300000|100%| E|CS|TAMS 0x000000008b200000, 0x000000008b200000| Complete 
| 125|0x000000008b300000, 0x000000008b400000, 0x000000008b400000|100%| E|CS|TAMS 0x000000008b300000, 0x000000008b300000| Complete 

Card table byte_map: [0x000002cb675e0000,0x000002cb679d0000] _byte_map_base: 0x000002cb671c5000

Marking Bits (Prev, Next): (CMBitMap*) 0x000002cb5c5bf5d0, (CMBitMap*) 0x000002cb5c5bf610
 Prev Bits: [0x000002cb67dc0000, 0x000002cb69ce8000)
 Next Bits: [0x000002cb69cf0000, 0x000002cb6bc18000)

Polling page: 0x000002cb5a520000

Metaspace:

Usage:
  Non-class:     15.94 MB used.
      Class:      2.54 MB used.
       Both:     18.48 MB used.

Virtual space:
  Non-class space:       24.00 MB reserved,      16.06 MB ( 67%) committed,  3 nodes.
      Class space:        1.00 GB reserved,       2.69 MB ( <1%) committed,  1 nodes.
             Both:        1.02 GB reserved,      18.75 MB (  2%) committed. 

Chunk freelists:
   Non-Class:  3.36 MB
       Class:  1.27 MB
        Both:  4.62 MB

MaxMetaspaceSize: unlimited
CompressedClassSpaceSize: 1.00 GB
Initial GC threshold: 21.00 MB
Current GC threshold: 21.00 MB
CDS: on
MetaspaceReclaimPolicy: balanced
 - commit_granule_bytes: 65536.
 - commit_granule_words: 8192.
 - virtual_space_node_default_size: 1048576.
 - enlarge_chunks_in_place: 1.
 - new_chunks_are_fully_committed: 0.
 - uncommit_free_chunks: 1.
 - use_allocation_guard: 0.
 - handle_deallocations: 1.


Internal statistics:

num_allocs_failed_limit: 0.
num_arena_births: 272.
num_arena_deaths: 0.
num_vsnodes_births: 4.
num_vsnodes_deaths: 0.
num_space_committed: 300.
num_space_uncommitted: 0.
num_chunks_returned_to_freelist: 0.
num_chunks_taken_from_freelist: 829.
num_chunk_merges: 0.
num_chunk_splits: 563.
num_chunks_enlarged: 432.
num_purges: 0.
num_inconsistent_stats: 0.

CodeCache: size=49152Kb used=5862Kb max_used=5862Kb free=43289Kb
 bounds [0x000002cb640e0000, 0x000002cb646a0000, 0x000002cb670e0000]
 total_blobs=2862 nmethods=2375 adapters=412
 compilation: enabled
              stopped_count=0, restarted_count=0
 full_count=0

Compilation events (20 events):
Event: 2.322 Thread 0x000002cb6e6e8560 2366       1       java.util.Properties::load0 (249 bytes)
Event: 2.322 Thread 0x000002cb6e6e8560 nmethod 2366 0x000002cb64694c90 code [0x000002cb64694e80, 0x000002cb64695248]
Event: 2.325 Thread 0x000002cb6e6e8560 2367       1       java.lang.ClassLoader::definePackage (53 bytes)
Event: 2.325 Thread 0x000002cb6f1c1330 2368       1       java.lang.Package::<init> (47 bytes)
Event: 2.325 Thread 0x000002cb6f1bfe00 2369       1       java.lang.Package$VersionInfo::getInstance (53 bytes)
Event: 2.325 Thread 0x000002cb6f1bfe00 nmethod 2369 0x000002cb64695810 code [0x000002cb646959c0, 0x000002cb64695be8]
Event: 2.325 Thread 0x000002cb6e6e8560 nmethod 2367 0x000002cb64695c90 code [0x000002cb64695e60, 0x000002cb646961b8]
Event: 2.325 Thread 0x000002cb6f1c1330 nmethod 2368 0x000002cb64696390 code [0x000002cb64696540, 0x000002cb646967c8]
Event: 2.325 Thread 0x000002cb6f1c1330 2370       1       jdk.internal.loader.BuiltinClassLoader::definePackage (277 bytes)
Event: 2.328 Thread 0x000002cb6f1c1330 nmethod 2370 0x000002cb64696910 code [0x000002cb64696ce0, 0x000002cb64697e48]
Event: 2.329 Thread 0x000002cb6f1c1330 2371       1       java.security.Permission::<init> (10 bytes)
Event: 2.329 Thread 0x000002cb6f1c1330 nmethod 2371 0x000002cb64698a90 code [0x000002cb64698c20, 0x000002cb64698d38]
Event: 2.331 Thread 0x000002cb6f1c1330 2372       1       java.util.zip.ZipEntry::getName (5 bytes)
Event: 2.332 Thread 0x000002cb6f1c1330 nmethod 2372 0x000002cb64698d90 code [0x000002cb64698f20, 0x000002cb64698ff8]
Event: 2.339 Thread 0x000002cb6f1c1330 2373       1       java.util.Arrays$ArrayList::iterator (12 bytes)
Event: 2.339 Thread 0x000002cb6e6e8560 2374       1       java.util.Arrays$ArrayItr::<init> (10 bytes)
Event: 2.339 Thread 0x000002cb6e6e8560 nmethod 2374 0x000002cb64699090 code [0x000002cb64699220, 0x000002cb64699338]
Event: 2.339 Thread 0x000002cb6f1c1330 nmethod 2373 0x000002cb64699390 code [0x000002cb64699520, 0x000002cb64699698]
Event: 2.340 Thread 0x000002cb6f1c1330 2375       1       org.springframework.util.StringUtils::delimitedListToStringArray (7 bytes)
Event: 2.340 Thread 0x000002cb6f1c1330 nmethod 2375 0x000002cb64699710 code [0x000002cb646998a0, 0x000002cb64699968]

GC Heap History (4 events):
Event: 1.192 GC heap before
{Heap before GC invocations=0 (full 0):
 garbage-first heap   total 129024K, used 23552K [0x0000000083600000, 0x0000000100000000)
  region size 1024K, 23 young (23552K), 0 survivors (0K)
 Metaspace       used 7394K, committed 7616K, reserved 1056768K
  class space    used 917K, committed 1024K, reserved 1048576K
}
Event: 1.204 GC heap after
{Heap after GC invocations=1 (full 0):
 garbage-first heap   total 129024K, used 8341K [0x0000000083600000, 0x0000000100000000)
  region size 1024K, 3 young (3072K), 3 survivors (3072K)
 Metaspace       used 7394K, committed 7616K, reserved 1056768K
  class space    used 917K, committed 1024K, reserved 1048576K
}
Event: 1.784 GC heap before
{Heap before GC invocations=1 (full 0):
 garbage-first heap   total 129024K, used 26773K [0x0000000083600000, 0x0000000100000000)
  region size 1024K, 21 young (21504K), 3 survivors (3072K)
 Metaspace       used 11044K, committed 11328K, reserved 1064960K
  class space    used 1518K, committed 1664K, reserved 1048576K
}
Event: 1.790 GC heap after
{Heap after GC invocations=2 (full 0):
 garbage-first heap   total 129024K, used 10073K [0x0000000083600000, 0x0000000100000000)
  region size 1024K, 2 young (2048K), 2 survivors (2048K)
 Metaspace       used 11044K, committed 11328K, reserved 1064960K
  class space    used 1518K, committed 1664K, reserved 1048576K
}

Dll operation events (12 events):
Event: 0.027 Loaded shared library C:\Users\2004o\.jdks\azul-17.0.6\bin\java.dll
Event: 0.044 Loaded shared library C:\Users\2004o\.jdks\azul-17.0.6\bin\jsvml.dll
Event: 0.231 Loaded shared library C:\Users\2004o\.jdks\azul-17.0.6\bin\zip.dll
Event: 0.235 Loaded shared library C:\Users\2004o\.jdks\azul-17.0.6\bin\instrument.dll
Event: 0.246 Loaded shared library C:\Users\2004o\.jdks\azul-17.0.6\bin\net.dll
Event: 0.248 Loaded shared library C:\Users\2004o\.jdks\azul-17.0.6\bin\nio.dll
Event: 0.253 Loaded shared library C:\Users\2004o\.jdks\azul-17.0.6\bin\zip.dll
Event: 0.368 Loaded shared library C:\Program Files (x86)\IntelliJ IDEA 2023.1.2\bin\breakgen64.dll
Event: 0.374 Loaded shared library C:\Users\2004o\.jdks\azul-17.0.6\bin\jimage.dll
Event: 0.397 Loaded shared library C:\Users\2004o\.jdks\azul-17.0.6\bin\management.dll
Event: 0.412 Loaded shared library C:\Users\2004o\.jdks\azul-17.0.6\bin\management_ext.dll
Event: 0.849 Loaded shared library C:\Users\2004o\.jdks\azul-17.0.6\bin\verify.dll

Deoptimization events (2 events):
Event: 1.930 Thread 0x000002cb5c565a60 DEOPT PACKING pc=0x000002cb64603c19 sp=0x000000fd68dfd010
Event: 1.930 Thread 0x000002cb5c565a60 DEOPT UNPACKING pc=0x000002cb6413ace3 sp=0x000000fd68dfc4f0 mode 3

Classes unloaded (0 events):
No events

Classes redefined (0 events):
No events

Internal exceptions (20 events):
Event: 1.805 Thread 0x000002cb5c565a60 Exception <a 'java/lang/IncompatibleClassChangeError'{0x000000008b3e3e88}: Found class java.lang.Object, but interface was expected> (0x000000008b3e3e88) 
thrown [s\src\hotspot\share\interpreter\linkResolver.cpp, line 826]
Event: 1.856 Thread 0x000002cb6fc9ef60 Exception <a 'java/lang/NoSuchMethodError'{0x000000008ad3d970}: 'void java.lang.invoke.DirectMethodHandle$Holder.invokeInterface(java.lang.Object, java.lang.Object, java.lang.Object, java.lang.Object)'> (0x000000008ad3d970) 
thrown [s\src\hotspot\share\interpreter\linkResolver.cpp, line 759]
Event: 1.894 Thread 0x000002cb5c565a60 Exception <a 'java/lang/NoSuchMethodError'{0x000000008aa427b8}: 'org.slf4j.impl.StaticMDCBinder org.slf4j.impl.StaticMDCBinder.getSingleton()'> (0x000000008aa427b8) 
thrown [s\src\hotspot\share\interpreter\linkResolver.cpp, line 759]
Event: 2.021 Thread 0x000002cb5c565a60 Exception <a 'java/lang/ClassNotFoundException'{0x0000000089fbfcc8}: java/lang/ObjectCustomizer> (0x0000000089fbfcc8) 
thrown [s\src\hotspot\share\classfile\systemDictionary.cpp, line 259]
Event: 2.029 Thread 0x000002cb5c565a60 Exception <a 'java/lang/IncompatibleClassChangeError'{0x0000000089fc4a38}: Found class java.lang.Object, but interface was expected> (0x0000000089fc4a38) 
thrown [s\src\hotspot\share\interpreter\linkResolver.cpp, line 826]
Event: 2.037 Thread 0x000002cb5c565a60 Exception <a 'java/lang/ClassNotFoundException'{0x0000000089fda248}: org/springframework/context/annotation/ConfigurationClassPostProcessorCustomizer> (0x0000000089fda248) 
thrown [s\src\hotspot\share\classfile\systemDictionary.cpp, line 259]
Event: 2.043 Thread 0x000002cb5c565a60 Exception <a 'java/lang/ClassNotFoundException'{0x0000000089edf918}: org/springframework/beans/factory/support/BeanDefinitionRegistryPostProcessorCustomizer> (0x0000000089edf918) 
thrown [s\src\hotspot\share\classfile\systemDictionary.cpp, line 259]
Event: 2.044 Thread 0x000002cb5c565a60 Exception <a 'java/lang/ClassNotFoundException'{0x0000000089ee6618}: org/springframework/beans/factory/config/BeanFactoryPostProcessorCustomizer> (0x0000000089ee6618) 
thrown [s\src\hotspot\share\classfile\systemDictionary.cpp, line 259]
Event: 2.045 Thread 0x000002cb5c565a60 Exception <a 'java/lang/ClassNotFoundException'{0x0000000089eecdb0}: org/springframework/core/PriorityOrderedCustomizer> (0x0000000089eecdb0) 
thrown [s\src\hotspot\share\classfile\systemDictionary.cpp, line 259]
Event: 2.045 Thread 0x000002cb5c565a60 Exception <a 'java/lang/ClassNotFoundException'{0x0000000089ef20a0}: org/springframework/core/OrderedCustomizer> (0x0000000089ef20a0) 
thrown [s\src\hotspot\share\classfile\systemDictionary.cpp, line 259]
Event: 2.046 Thread 0x000002cb5c565a60 Exception <a 'java/lang/ClassNotFoundException'{0x0000000089ef87b8}: org/springframework/context/ResourceLoaderAwareCustomizer> (0x0000000089ef87b8) 
thrown [s\src\hotspot\share\classfile\systemDictionary.cpp, line 259]
Event: 2.047 Thread 0x000002cb5c565a60 Exception <a 'java/lang/ClassNotFoundException'{0x0000000089efef28}: org/springframework/beans/factory/AwareCustomizer> (0x0000000089efef28) 
thrown [s\src\hotspot\share\classfile\systemDictionary.cpp, line 259]
Event: 2.047 Thread 0x000002cb5c565a60 Exception <a 'java/lang/ClassNotFoundException'{0x0000000089d372b0}: org/springframework/context/ApplicationStartupAwareCustomizer> (0x0000000089d372b0) 
thrown [s\src\hotspot\share\classfile\systemDictionary.cpp, line 259]
Event: 2.048 Thread 0x000002cb5c565a60 Exception <a 'java/lang/ClassNotFoundException'{0x0000000089d3dca8}: org/springframework/beans/factory/AwareCustomizer> (0x0000000089d3dca8) 
thrown [s\src\hotspot\share\classfile\systemDictionary.cpp, line 259]
Event: 2.048 Thread 0x000002cb5c565a60 Exception <a 'java/lang/ClassNotFoundException'{0x0000000089d43648}: org/springframework/beans/factory/BeanClassLoaderAwareCustomizer> (0x0000000089d43648) 
thrown [s\src\hotspot\share\classfile\systemDictionary.cpp, line 259]
Event: 2.049 Thread 0x000002cb5c565a60 Exception <a 'java/lang/ClassNotFoundException'{0x0000000089d49da0}: org/springframework/beans/factory/AwareCustomizer> (0x0000000089d49da0) 
thrown [s\src\hotspot\share\classfile\systemDictionary.cpp, line 259]
Event: 2.050 Thread 0x000002cb5c565a60 Exception <a 'java/lang/ClassNotFoundException'{0x0000000089d4f2c0}: org/springframework/context/EnvironmentAwareCustomizer> (0x0000000089d4f2c0) 
thrown [s\src\hotspot\share\classfile\systemDictionary.cpp, line 259]
Event: 2.051 Thread 0x000002cb5c565a60 Exception <a 'java/lang/ClassNotFoundException'{0x0000000089d559b0}: org/springframework/beans/factory/AwareCustomizer> (0x0000000089d559b0) 
thrown [s\src\hotspot\share\classfile\systemDictionary.cpp, line 259]
Event: 2.199 Thread 0x000002cb6faf8060 Exception <a 'java/lang/reflect/InvocationTargetException'{0x00000000897ee2a0}> (0x00000000897ee2a0) 
thrown [s\src\hotspot\share\runtime\reflection.cpp, line 1121]
Event: 2.252 Thread 0x000002cb6fc9ef60 Exception <a 'java/lang/NoSuchMethodError'{0x00000000895fccd0}: 'java.lang.Object java.lang.invoke.DirectMethodHandle$Holder.invokeStaticInit(java.lang.Object, java.lang.Object, java.lang.Object, java.lang.Object, java.lang.Object)'> (0x00000000895fccd0) 
thrown [s\src\hotspot\share\interpreter\linkResolver.cpp, line 759]

VM Operations (20 events):
Event: 1.016 Executing VM operation: HandshakeAllThreads
Event: 1.016 Executing VM operation: HandshakeAllThreads done
Event: 1.110 Executing VM operation: HandshakeAllThreads
Event: 1.111 Executing VM operation: HandshakeAllThreads done
Event: 1.111 Executing VM operation: Cleanup
Event: 1.111 Executing VM operation: Cleanup done
Event: 1.192 Executing VM operation: G1CollectForAllocation
Event: 1.204 Executing VM operation: G1CollectForAllocation done
Event: 1.287 Executing VM operation: HandshakeAllThreads
Event: 1.287 Executing VM operation: HandshakeAllThreads done
Event: 1.784 Executing VM operation: G1CollectForAllocation
Event: 1.790 Executing VM operation: G1CollectForAllocation done
Event: 1.940 Executing VM operation: HandshakeAllThreads
Event: 1.940 Executing VM operation: HandshakeAllThreads done
Event: 1.943 Executing VM operation: HandshakeAllThreads
Event: 1.943 Executing VM operation: HandshakeAllThreads done
Event: 1.983 Executing VM operation: HandshakeAllThreads
Event: 1.983 Executing VM operation: HandshakeAllThreads done
Event: 2.073 Executing VM operation: HandshakeAllThreads
Event: 2.073 Executing VM operation: HandshakeAllThreads done

Events (20 events):
Event: 2.272 loading class com/sun/org/apache/xalan/internal/utils/XMLSecurityPropertyManager$Property
Event: 2.272 loading class com/sun/org/apache/xalan/internal/utils/XMLSecurityPropertyManager$Property done
Event: 2.272 loading class jdk/xml/internal/XMLSecurityManager
Event: 2.273 loading class jdk/xml/internal/XMLSecurityManager done
Event: 2.273 loading class jdk/xml/internal/XMLSecurityManager$Limit
Event: 2.273 loading class jdk/xml/internal/XMLSecurityManager$Limit done
Event: 2.273 loading class jdk/xml/internal/XMLSecurityManager$Processor
Event: 2.273 loading class jdk/xml/internal/XMLSecurityManager$Processor done
Event: 2.273 loading class jdk/xml/internal/XMLSecurityManager$NameMap
Event: 2.273 loading class jdk/xml/internal/XMLSecurityManager$NameMap done
Event: 2.274 loading class jdk/xml/internal/JdkProperty
Event: 2.274 loading class jdk/xml/internal/JdkProperty done
Event: 2.325 Thread 0x000002cb6fc9e540 Thread added: 0x000002cb6fc9e540
Event: 2.342 loading class javax/naming/ldap/LdapContext
Event: 2.342 loading class javax/naming/directory/DirContext
Event: 2.342 loading class javax/naming/directory/DirContext done
Event: 2.342 loading class javax/naming/ldap/LdapContext done
Event: 2.355 loading class java/beans/ConstructorProperties
Event: 2.355 loading class java/beans/ConstructorProperties done
Event: 2.357 Thread 0x000002cb6fc9e540 Thread exited: 0x000002cb6fc9e540


Dynamic libraries:
0x00007ff797c80000 - 0x00007ff797c8e000 	C:\Users\2004o\.jdks\azul-17.0.6\bin\java.exe
0x00007ffd88890000 - 0x00007ffd88a88000 	C:\WINDOWS\SYSTEM32\ntdll.dll
0x00007ffd882b0000 - 0x00007ffd8836f000 	C:\WINDOWS\System32\KERNEL32.DLL
0x00007ffd86260000 - 0x00007ffd86556000 	C:\WINDOWS\System32\KERNELBASE.dll
0x00007ffd867f0000 - 0x00007ffd868f0000 	C:\WINDOWS\System32\ucrtbase.dll
0x00007ffd7f2c0000 - 0x00007ffd7f2db000 	C:\Users\2004o\.jdks\azul-17.0.6\bin\VCRUNTIME140.dll
0x00007ffd7fa60000 - 0x00007ffd7fa78000 	C:\Users\2004o\.jdks\azul-17.0.6\bin\jli.dll
0x00007ffd88060000 - 0x00007ffd881fd000 	C:\WINDOWS\System32\USER32.dll
0x00007ffd85f70000 - 0x00007ffd85f92000 	C:\WINDOWS\System32\win32u.dll
0x00007ffd868f0000 - 0x00007ffd8691c000 	C:\WINDOWS\System32\GDI32.dll
0x00007ffd6fb00000 - 0x00007ffd6fd9a000 	C:\WINDOWS\WinSxS\amd64_microsoft.windows.common-controls_6595b64144ccf1df_6.0.19041.1110_none_60b5254171f9507e\COMCTL32.dll
0x00007ffd86140000 - 0x00007ffd86255000 	C:\WINDOWS\System32\gdi32full.dll
0x00007ffd860a0000 - 0x00007ffd8613d000 	C:\WINDOWS\System32\msvcp_win.dll
0x00007ffd884c0000 - 0x00007ffd8855e000 	C:\WINDOWS\System32\msvcrt.dll
0x00007ffd86a00000 - 0x00007ffd86a30000 	C:\WINDOWS\System32\IMM32.DLL
0x00007ffd7f2b0000 - 0x00007ffd7f2bc000 	C:\Users\2004o\.jdks\azul-17.0.6\bin\vcruntime140_1.dll
0x00007ffd5bb70000 - 0x00007ffd5bbfd000 	C:\Users\2004o\.jdks\azul-17.0.6\bin\msvcp140.dll
0x00007ffd4e3d0000 - 0x00007ffd4f035000 	C:\Users\2004o\.jdks\azul-17.0.6\bin\server\jvm.dll
0x00007ffd88370000 - 0x00007ffd8841f000 	C:\WINDOWS\System32\ADVAPI32.dll
0x00007ffd88420000 - 0x00007ffd884bc000 	C:\WINDOWS\System32\sechost.dll
0x00007ffd87f30000 - 0x00007ffd88056000 	C:\WINDOWS\System32\RPCRT4.dll
0x00007ffd68c60000 - 0x00007ffd68c69000 	C:\WINDOWS\SYSTEM32\WSOCK32.dll
0x00007ffd87ec0000 - 0x00007ffd87f2b000 	C:\WINDOWS\System32\WS2_32.dll
0x00007ffd74150000 - 0x00007ffd74177000 	C:\WINDOWS\SYSTEM32\WINMM.dll
0x00007ffd7f110000 - 0x00007ffd7f11a000 	C:\WINDOWS\SYSTEM32\VERSION.dll
0x00007ffd83de0000 - 0x00007ffd83df2000 	C:\WINDOWS\SYSTEM32\kernel.appcore.dll
0x00007ffd7e810000 - 0x00007ffd7e81a000 	C:\Users\2004o\.jdks\azul-17.0.6\bin\jimage.dll
0x00007ffd73810000 - 0x00007ffd739f4000 	C:\WINDOWS\SYSTEM32\DBGHELP.DLL
0x00007ffd6fff0000 - 0x00007ffd70024000 	C:\WINDOWS\SYSTEM32\dbgcore.DLL
0x00007ffd86010000 - 0x00007ffd86092000 	C:\WINDOWS\System32\bcryptPrimitives.dll
0x00007ffd802a0000 - 0x00007ffd802ae000 	C:\Users\2004o\.jdks\azul-17.0.6\bin\instrument.dll
0x00007ffd6b240000 - 0x00007ffd6b265000 	C:\Users\2004o\.jdks\azul-17.0.6\bin\java.dll
0x00007ffd59d20000 - 0x00007ffd59df7000 	C:\Users\2004o\.jdks\azul-17.0.6\bin\jsvml.dll
0x00007ffd86a30000 - 0x00007ffd87174000 	C:\WINDOWS\System32\SHELL32.dll
0x00007ffd83fe0000 - 0x00007ffd84774000 	C:\WINDOWS\SYSTEM32\windows.storage.dll
0x00007ffd87ae0000 - 0x00007ffd87e34000 	C:\WINDOWS\System32\combase.dll
0x00007ffd858d0000 - 0x00007ffd858fe000 	C:\WINDOWS\SYSTEM32\Wldp.dll
0x00007ffd87560000 - 0x00007ffd8760d000 	C:\WINDOWS\System32\SHCORE.dll
0x00007ffd88780000 - 0x00007ffd887d5000 	C:\WINDOWS\System32\shlwapi.dll
0x00007ffd85ea0000 - 0x00007ffd85ec5000 	C:\WINDOWS\SYSTEM32\profapi.dll
0x00007ffd6edf0000 - 0x00007ffd6ee08000 	C:\Users\2004o\.jdks\azul-17.0.6\bin\zip.dll
0x00007ffd7e7f0000 - 0x00007ffd7e809000 	C:\Users\2004o\.jdks\azul-17.0.6\bin\net.dll
0x00007ffd7cc80000 - 0x00007ffd7cd8a000 	C:\WINDOWS\SYSTEM32\WINHTTP.dll
0x00007ffd856b0000 - 0x00007ffd8571a000 	C:\WINDOWS\system32\mswsock.dll
0x00007ffd70d20000 - 0x00007ffd70d36000 	C:\Users\2004o\.jdks\azul-17.0.6\bin\nio.dll
0x00007ffd7e880000 - 0x00007ffd7e89a000 	C:\Program Files (x86)\IntelliJ IDEA 2023.1.2\bin\breakgen64.dll
0x00007ffd853c0000 - 0x00007ffd8548a000 	C:\WINDOWS\SYSTEM32\DNSAPI.dll
0x00007ffd85350000 - 0x00007ffd8538c000 	C:\WINDOWS\SYSTEM32\IPHLPAPI.DLL
0x00007ffd887e0000 - 0x00007ffd887e8000 	C:\WINDOWS\System32\NSI.dll
0x00007ffd7c960000 - 0x00007ffd7c96a000 	C:\Windows\System32\rasadhlp.dll
0x00007ffd7bab0000 - 0x00007ffd7bb32000 	C:\WINDOWS\System32\fwpuclnt.dll
0x00007ffd86560000 - 0x00007ffd86587000 	C:\WINDOWS\System32\bcrypt.dll
0x00007ffd72df0000 - 0x00007ffd72df9000 	C:\Users\2004o\.jdks\azul-17.0.6\bin\management.dll
0x00007ffd72c30000 - 0x00007ffd72c3b000 	C:\Users\2004o\.jdks\azul-17.0.6\bin\management_ext.dll
0x00007ffd873c0000 - 0x00007ffd873c8000 	C:\WINDOWS\System32\PSAPI.DLL
0x00007ffd85910000 - 0x00007ffd85928000 	C:\WINDOWS\SYSTEM32\CRYPTSP.dll
0x00007ffd84f80000 - 0x00007ffd84fb4000 	C:\WINDOWS\system32\rsaenh.dll
0x00007ffd85e20000 - 0x00007ffd85e4e000 	C:\WINDOWS\SYSTEM32\USERENV.dll
0x00007ffd85840000 - 0x00007ffd8584c000 	C:\WINDOWS\SYSTEM32\CRYPTBASE.dll
0x00007ffd7c940000 - 0x00007ffd7c957000 	C:\WINDOWS\SYSTEM32\dhcpcsvc6.DLL
0x00007ffd7c920000 - 0x00007ffd7c93d000 	C:\WINDOWS\SYSTEM32\dhcpcsvc.DLL
0x00007ffd69ba0000 - 0x00007ffd69bb7000 	C:\WINDOWS\system32\napinsp.dll
0x00007ffd65930000 - 0x00007ffd6594b000 	C:\WINDOWS\system32\pnrpnsp.dll
0x00007ffd80820000 - 0x00007ffd80835000 	C:\WINDOWS\system32\wshbth.dll
0x00007ffd81900000 - 0x00007ffd8191d000 	C:\WINDOWS\system32\NLAapi.dll
0x00007ffd64ad0000 - 0x00007ffd64ae2000 	C:\WINDOWS\System32\winrnr.dll
0x00007ffd73450000 - 0x00007ffd73460000 	C:\Users\2004o\.jdks\azul-17.0.6\bin\verify.dll

dbghelp: loaded successfully - version: 4.0.5 - missing functions: none
symbol engine: initialized successfully - sym options: 0x614 - pdb path: .;C:\Users\2004o\.jdks\azul-17.0.6\bin;C:\WINDOWS\SYSTEM32;C:\WINDOWS\WinSxS\amd64_microsoft.windows.common-controls_6595b64144ccf1df_6.0.19041.1110_none_60b5254171f9507e;C:\Users\2004o\.jdks\azul-17.0.6\bin\server;C:\Program Files (x86)\IntelliJ IDEA 2023.1.2\bin

VM Arguments:
jvm_args: -XX:TieredStopAtLevel=1 -Dspring.output.ansi.enabled=always -Dcom.sun.management.jmxremote -Dspring.jmx.enabled=true -Dspring.liveBeansView.mbeanDomain -Dspring.application.admin.enabled=true -Dmanagement.endpoints.jmx.exposure.include=* -javaagent:C:\Program Files (x86)\IntelliJ IDEA 2023.1.2\lib\idea_rt.jar=50851:C:\Program Files (x86)\IntelliJ IDEA 2023.1.2\bin -Dfile.encoding=UTF-8 
java_command: com.example.edukan.EDukanApplication
java_class_path (initial): C:\Users\2004o\IdeaProjects\e-dukan\build\classes\java\main;C:\Users\2004o\IdeaProjects\e-dukan\build\resources\main;C:\Users\2004o\.gradle\caches\modules-2\files-2.1\org.projectlombok\lombok\1.18.28\a2ff5da8bcd8b1b26f36b806ced63213362c6dcc\lombok-1.18.28.jar;C:\Users\2004o\.gradle\caches\modules-2\files-2.1\org.mapstruct\mapstruct-processor\1.3.0.Final\cca16314fdcab5cae0c7de8cac1e947b1a8ba79b\mapstruct-processor-1.3.0.Final.jar;C:\Users\2004o\.gradle\caches\modules-2\files-2.1\org.springframework.boot\spring-boot-starter-data-jpa\2.7.13\98aba6063ce411ae5e7ce263ce7c7012427559a6\spring-boot-starter-data-jpa-2.7.13.jar;C:\Users\2004o\.gradle\caches\modules-2\files-2.1\org.springframework.boot\spring-boot-starter-web\2.7.13\707bd743fa544ca06a78a657465c1ca0f5084ea4\spring-boot-starter-web-2.7.13.jar;C:\Users\2004o\.gradle\caches\modules-2\files-2.1\org.liquibase\liquibase-core\4.20.0\af9169beb8506b0628494a0af55546b065f07e36\liquibase-core-4.20.0.jar;C:\Users\2004o\.gradle\caches\modules-2\files-2.1\org.springframework.boot\spring-boot-starter-mail\2.7.13\f18dc4c2a8f9708922f84f54e757290fe17b53cc\spring-boot-starter-mail-2.7.13.jar;C:\Users\2004o\.gradle\caches\modules-2\files-2.1\org.springframework.boot\spring-boot-starter-validation\2.7.13\7afa516cf9064c4764a5e944886b559b1eb0b136\spring-boot-starter-validation-2.7.13.jar;C:\Users\2004o\.gradle\caches\modules-2\files-2.1\org.yaml\snakeyaml\1.32\e80612549feb5c9191c498de628c1aa80693cf0b\snakeyaml-1.32.jar;C:\Users\2004o\.gradle\caches\modules-2\files-2.1\io.springfox\springfox-boot-starter\3.0.0\5486365e263f8acca014b97efa50c3419d58e8f6\springfox-boot-starter-3.0.0.jar;C:\Users\2004o\.gradle\caches\modules-2\files-2.1\net.javacrumbs.shedlock\shedlock-provider-jdbc-template\2.2.0\331ebe38a9477084bb26c039779eb2adc2becc1e\shedlock-provider-jdbc-template-2.2.0.jar;C:\Users\2004o\.gradle\caches\modules-2\files-2.1\org.mapstruct\mapstruct\1.3.0.Final\93cc0bbb46862bf998175f8b141d8136f26c2cc9\mapstruct
Launcher Type: SUN_STANDARD

[Global flags]
     intx CICompilerCount                          = 4                                         {product} {ergonomic}
     uint ConcGCThreads                            = 2                                         {product} {ergonomic}
     uint G1ConcRefinementThreads                  = 8                                         {product} {ergonomic}
   size_t G1HeapRegionSize                         = 1048576                                   {product} {ergonomic}
    uintx GCDrainStackTargetSize                   = 64                                        {product} {ergonomic}
   size_t InitialHeapSize                          = 132120576                                 {product} {ergonomic}
     bool ManagementServer                         = true                                      {product} {command line}
   size_t MarkStackSize                            = 4194304                                   {product} {ergonomic}
   size_t MaxHeapSize                              = 2090860544                                {product} {ergonomic}
   size_t MaxNewSize                               = 1254096896                                {product} {ergonomic}
   size_t MinHeapDeltaBytes                        = 1048576                                   {product} {ergonomic}
   size_t MinHeapSize                              = 8388608                                   {product} {ergonomic}
    uintx NonProfiledCodeHeapSize                  = 0                                      {pd product} {ergonomic}
     bool ProfileInterpreter                       = false                                  {pd product} {command line}
    uintx ProfiledCodeHeapSize                     = 0                                      {pd product} {ergonomic}
   size_t SoftMaxHeapSize                          = 2090860544                             {manageable} {ergonomic}
     intx TieredStopAtLevel                        = 1                                         {product} {command line}
     bool UseCompressedClassPointers               = true                           {product lp64_product} {ergonomic}
     bool UseCompressedOops                        = true                           {product lp64_product} {ergonomic}
     bool UseG1GC                                  = true                                      {product} {ergonomic}
     bool UseLargePagesIndividualAllocation        = false                                  {pd product} {ergonomic}

Logging:
Log output configuration:
 #0: stdout all=warning uptime,level,tags
 #1: stderr all=off uptime,level,tags

Environment Variables:
PATH=C:\WINDOWS\system32;C:\WINDOWS;C:\WINDOWS\System32\Wbem;C:\WINDOWS\System32\WindowsPowerShell\v1.0\;C:\WINDOWS\System32\OpenSSH\;C:\Program Files\Microsoft VS Code\bin;C:\Program Files\NVIDIA Corporation\NVIDIA NvDLISR;C:\Program Files\Docker\Docker\resources\bin;C:\Program Files\Git\cmd;C:\Users\2004o\AppData\Local\Microsoft\WindowsApps;C:\Program Files (x86)\IntelliJ IDEA 2023.1.2\bin;;C:\Users\2004o\AppData\Local\GitHubDesktop\bin
USERNAME=Acer
OS=Windows_NT
PROCESSOR_IDENTIFIER=Intel64 Family 6 Model 126 Stepping 5, GenuineIntel
TMP=C:\Users\2004o\AppData\Local\Temp
TEMP=C:\Users\2004o\AppData\Local\Temp



---------------  S Y S T E M  ---------------

OS:
 Windows 10 , 64 bit Build 19041 (10.0.19041.3155)
OS uptime: 6 days 15:47 hours
Hyper-V role detected

CPU: total 8 (initial active 8) (4 cores per cpu, 2 threads per core) family 6 model 126 stepping 5 microcode 0xa0, cx8, cmov, fxsr, ht, mmx, 3dnowpref, sse, sse2, sse3, ssse3, sse4.1, sse4.2, popcnt, lzcnt, tsc, tscinvbit, avx, avx2, aes, erms, clmul, bmi1, bmi2, adx, avx512f, avx512dq, avx512cd, avx512bw, avx512vl, sha, fma, vzeroupper, avx512_vpopcntdq, avx512_vpclmulqdq, avx512_vaes, avx512_vnni, clflush, clflushopt, avx512_vbmi2, avx512_vbmi, hv

Memory: 4k page, system-wide physical 7969M (355M free)
TotalPageFile size 12065M (AvailPageFile size 2M)
current process WorkingSet (physical memory assigned to process): 118M, peak: 118M
current process commit charge ("private bytes"): 240M, peak: 240M

vm_info: OpenJDK 64-Bit Server VM (17.0.6+10-LTS) for windows-amd64 JRE (17.0.6+10-LTS) (Zulu17.40+19-CA), built on Jan  4 2023 14:58:55 by "zulu_re" with MS VC++ 16.10 / 16.11 (VS2019)

END.
